<?xml version="1.0" ?>
<testsuite name="TestHello-20220626143340" tests="3" time="0.031" failures="0" errors="0">
	<testcase classname="TestHello" name="test_hello" time="0.028"/>
	<testcase classname="TestHello" name="test_hello_hello" time="0.001"/>
	<testcase classname="TestHello" name="test_hello_name" time="0.002"/>
	<system-out><![CDATA[]]></system-out>
	<system-err><![CDATA[]]></system-err>
</testsuite>
